nohup: ignoring input
🐈 Starting nanobot gateway on port 18790...
2026-02-07 12:07:04.652 | INFO     | nanobot.channels.manager:_init_channels:44 - Telegram channel enabled
✓ Channels enabled: telegram
✓ Heartbeat: every 30m
2026-02-07 12:07:04.656 | INFO     | nanobot.cron.service:start:154 - Cron service started with 0 jobs
2026-02-07 12:07:04.656 | INFO     | nanobot.heartbeat.service:start:81 - Heartbeat started (every 1800s)
2026-02-07 12:07:04.657 | INFO     | nanobot.agent.loop:run:112 - Agent loop started
2026-02-07 12:07:04.657 | INFO     | nanobot.channels.manager:start_all:93 - Starting telegram channel...
2026-02-07 12:07:04.657 | INFO     | nanobot.channels.manager:_dispatch_outbound:121 - Outbound dispatcher started
2026-02-07 12:07:04.832 | INFO     | nanobot.channels.telegram:start:123 - Starting Telegram bot (polling mode)...
2026-02-07 12:07:05.041 | INFO     | nanobot.channels.telegram:start:131 - Telegram bot @SahLee_bot connected
2026-02-07 12:07:27.571 | DEBUG    | nanobot.channels.telegram:_on_message:274 - Telegram message from 5379690856: I am testing telegram connection...
2026-02-07 12:07:27.575 | INFO     | nanobot.agent.loop:_process_message:159 - Processing message from telegram:5379690856: I am testing telegram connection
2026-02-07 12:07:34.579 | INFO     | nanobot.agent.loop:_process_message:221 - Tool call: message({"content": "🧪 Telegram connection test - nanobot is working! This is a test message.", "chat_id": 5379690856, "channel": "telegram"})
2026-02-07 12:07:36.642 | INFO     | nanobot.agent.loop:_process_message:221 - Tool call: message({"content": "🧪 Telegram connection test - nanobot is working! This is a test message.", "chat_id": 5379690856, "channel": "telegram"})
2026-02-07 12:07:39.085 | INFO     | nanobot.agent.loop:_process_message:221 - Tool call: message({"chat_id": 5379690856, "content": "🧪 Telegram connection test - nanobot is working! This is a test message."})
2026-02-07 12:07:41.468 | INFO     | nanobot.agent.loop:_process_message:221 - Tool call: message({"content": "🧪 Telegram connection test - nanobot is working! This is a test message.", "chat_id": 5379690856})
2026-02-07 12:07:45.348 | INFO     | nanobot.agent.loop:_process_message:236 - Response to telegram:5379690856: I'm still getting the same error. Let me try to understand what's happening. The error says "chat_id should be string" b...
2026-02-07 12:08:11.058 | DEBUG    | nanobot.channels.telegram:_on_message:274 - Telegram message from 5379690856: You are replying I think it works wel...
2026-02-07 12:08:11.062 | INFO     | nanobot.agent.loop:_process_message:159 - Processing message from telegram:5379690856: You are replying I think it works wel
2026-02-07 12:08:15.668 | INFO     | nanobot.agent.loop:_process_message:236 - Response to telegram:5379690856: The user is confirming that the Telegram connection is working since they received my reply. I should acknowledge this a...
2026-02-07 12:10:30.119 | DEBUG    | nanobot.channels.telegram:_on_message:274 - Telegram message from 5379690856: I have a service called pi control that runs in th...
2026-02-07 12:10:30.123 | INFO     | nanobot.agent.loop:_process_message:159 - Processing message from telegram:5379690856: I have a service called pi control that runs in the pi can you tell me what it d...
2026-02-07 12:10:39.031 | INFO     | nanobot.agent.loop:_process_message:236 - Response to telegram:5379690856: The user is asking about a service called "pi control" that runs on a Raspberry Pi. I don't have any specific informatio...
2026-02-07 12:11:54.088 | DEBUG    | nanobot.channels.telegram:_on_message:274 - Telegram message from 5379690856: Remember that you have access to run commands on t...
2026-02-07 12:11:54.091 | INFO     | nanobot.agent.loop:_process_message:159 - Processing message from telegram:5379690856: Remember that you have access to run commands on the machine you are running on ...
2026-02-07 12:12:03.000 | INFO     | nanobot.agent.loop:_process_message:221 - Tool call: exec({"command": "uname -a"})
2026-02-07 12:12:04.247 | INFO     | nanobot.agent.loop:_process_message:221 - Tool call: exec({"command": "uptime"})
2026-02-07 12:12:05.565 | INFO     | nanobot.agent.loop:_process_message:221 - Tool call: exec({"command": "free -h"})
2026-02-07 12:12:06.662 | INFO     | nanobot.agent.loop:_process_message:221 - Tool call: exec({"command": "df -h"})
2026-02-07 12:12:08.450 | INFO     | nanobot.agent.loop:_process_message:221 - Tool call: exec({"command": "vcgencmd measure_temp"})
2026-02-07 12:12:10.055 | INFO     | nanobot.agent.loop:_process_message:221 - Tool call: exec({"command": "systemctl list-units --type=service --state=running | head -20"})
2026-02-07 12:12:12.214 | INFO     | nanobot.agent.loop:_process_message:221 - Tool call: exec({"command": "systemctl status pi-control.service"})
2026-02-07 12:12:15.111 | INFO     | nanobot.agent.loop:_process_message:236 - Response to telegram:5379690856: The user is greeting me. This is a simple conversational response. I should reply in a friendly, concise way, perhaps me...
2026-02-07 12:17:13.885 | DEBUG    | nanobot.channels.telegram:_on_message:274 - Telegram message from 5379690856: How was your day ?...
2026-02-07 12:17:13.888 | INFO     | nanobot.agent.loop:_process_message:159 - Processing message from telegram:5379690856: How was your day ?
2026-02-07 12:17:18.086 | INFO     | nanobot.agent.loop:_process_message:236 - Response to telegram:5379690856: I’m just a bundle of code, so I don’t have days in the human sense—but I’ve been busy helping users like you! How about ...
2026-02-07 12:18:13.685 | DEBUG    | nanobot.channels.telegram:_on_message:274 - Telegram message from 5379690856: I want to test your access to the machine you are ...
2026-02-07 12:18:13.689 | INFO     | nanobot.agent.loop:_process_message:159 - Processing message from telegram:5379690856: I want to test your access to the machine you are running on can you tell me wha...
2026-02-07 12:18:17.988 | INFO     | nanobot.agent.loop:_process_message:221 - Tool call: exec({"command": "df -h", "working_dir": "/"})
2026-02-07 12:18:26.488 | INFO     | nanobot.agent.loop:_process_message:236 - Response to telegram:5379690856: Here’s the current disk usage on this machine:

```
Filesystem      Size  Used Avail Use% Mounted on
udev            1.6...
2026-02-07 12:19:34.739 | DEBUG    | nanobot.channels.telegram:_on_message:274 - Telegram message from 5379690856: What is 4096 times 2 ?...
2026-02-07 12:19:34.742 | INFO     | nanobot.agent.loop:_process_message:159 - Processing message from telegram:5379690856: What is 4096 times 2 ?
2026-02-07 12:19:39.191 | INFO     | nanobot.agent.loop:_process_message:236 - Response to telegram:5379690856: 4096 × 2 = **8,192**.
2026-02-07 12:21:17.810 | DEBUG    | nanobot.channels.telegram:_on_message:274 - Telegram message from 5379690856: There is a service running called pi control can y...
2026-02-07 12:21:17.814 | INFO     | nanobot.agent.loop:_process_message:159 - Processing message from telegram:5379690856: There is a service running called pi control can you check what it does ?
2026-02-07 12:21:22.513 | INFO     | nanobot.agent.loop:_process_message:221 - Tool call: exec({"command": "systemctl status pi-control", "working_dir": "/"})
2026-02-07 12:21:27.736 | INFO     | nanobot.agent.loop:_process_message:221 - Tool call: read_file({"path": "/etc/systemd/system/pi-control.service"})
2026-02-07 12:21:37.670 | INFO     | nanobot.agent.loop:_process_message:236 - Response to telegram:5379690856: It looks like the **`pi-control`** service is a simple Python daemon that runs on your Raspberry Pi and controls an OLED...
2026-02-07 12:37:04.658 | DEBUG    | nanobot.heartbeat.service:_tick:108 - Heartbeat: no tasks (HEARTBEAT.md empty)
2026-02-07 13:07:04.660 | DEBUG    | nanobot.heartbeat.service:_tick:108 - Heartbeat: no tasks (HEARTBEAT.md empty)
2026-02-07 13:37:04.662 | DEBUG    | nanobot.heartbeat.service:_tick:108 - Heartbeat: no tasks (HEARTBEAT.md empty)
2026-02-07 14:05:45.661 | DEBUG    | nanobot.channels.telegram:_on_message:274 - Telegram message from 5379690856: No I want you to understand how it works and tell ...
2026-02-07 14:05:45.665 | INFO     | nanobot.agent.loop:_process_message:159 - Processing message from telegram:5379690856: No I want you to understand how it works and tell me how can we improve it so yo...
2026-02-07 14:06:04.993 | INFO     | nanobot.agent.loop:_process_message:236 - Response to telegram:5379690856: ### Quick recap of what the **`pi-control`** service does

From its unit file and a quick look at the script, it’s a sma...
2026-02-07 14:07:04.664 | DEBUG    | nanobot.heartbeat.service:_tick:108 - Heartbeat: no tasks (HEARTBEAT.md empty)
2026-02-07 14:37:04.666 | DEBUG    | nanobot.heartbeat.service:_tick:108 - Heartbeat: no tasks (HEARTBEAT.md empty)
2026-02-07 15:07:04.667 | DEBUG    | nanobot.heartbeat.service:_tick:108 - Heartbeat: no tasks (HEARTBEAT.md empty)
2026-02-07 15:37:04.669 | DEBUG    | nanobot.heartbeat.service:_tick:108 - Heartbeat: no tasks (HEARTBEAT.md empty)
2026-02-07 16:07:04.671 | DEBUG    | nanobot.heartbeat.service:_tick:108 - Heartbeat: no tasks (HEARTBEAT.md empty)
2026-02-07 16:37:04.673 | DEBUG    | nanobot.heartbeat.service:_tick:108 - Heartbeat: no tasks (HEARTBEAT.md empty)
2026-02-07 17:07:04.674 | DEBUG    | nanobot.heartbeat.service:_tick:108 - Heartbeat: no tasks (HEARTBEAT.md empty)
2026-02-07 17:37:04.676 | DEBUG    | nanobot.heartbeat.service:_tick:108 - Heartbeat: no tasks (HEARTBEAT.md empty)
2026-02-07 18:07:04.678 | DEBUG    | nanobot.heartbeat.service:_tick:108 - Heartbeat: no tasks (HEARTBEAT.md empty)
2026-02-07 18:37:04.680 | DEBUG    | nanobot.heartbeat.service:_tick:108 - Heartbeat: no tasks (HEARTBEAT.md empty)
2026-02-07 19:07:04.682 | DEBUG    | nanobot.heartbeat.service:_tick:108 - Heartbeat: no tasks (HEARTBEAT.md empty)
2026-02-07 19:37:04.684 | DEBUG    | nanobot.heartbeat.service:_tick:108 - Heartbeat: no tasks (HEARTBEAT.md empty)
